<?xml version="1.0" encoding="UTF-8"?>
<!-- Generated by org.testng.reporters.JUnitReportReporter -->
<testsuite hostname="DESKTOP-UFRJGIJ" failures="0" tests="1" name="com.Celestial.register.Apartment_RoomTest" time="9.015" errors="0" timestamp="2022-12-08T10:31:48 IST" skipped="0">
  <testcase classname="com.Celestial.register.Apartment_RoomTest" name="createApartmentModule" time="9.015"/>
  <system-out/>
</testsuite> <!-- com.Celestial.register.Apartment_RoomTest -->
