<?xml version="1.0" encoding="UTF-8"?>
<!-- Generated by org.testng.reporters.JUnitReportReporter -->
<testsuite hostname="DESKTOP-UFRJGIJ" failures="0" tests="4" name="com.testng.practice.TestNGPrractice1" time="0.037" errors="0" timestamp="2022-12-06T11:58:34 IST" skipped="0">
  <testcase classname="com.testng.practice.TestNGPrractice1" name="test3" time="0.020"/>
  <system-out/>
  <testcase classname="com.testng.practice.TestNGPrractice1" name="test3" time="0.012"/>
  <system-out/>
  <testcase classname="com.testng.practice.TestNGPrractice1" name="test3" time="0.002"/>
  <system-out/>
  <testcase classname="com.testng.practice.TestNGPrractice1" name="test3" time="0.003"/>
  <system-out/>
</testsuite> <!-- com.testng.practice.TestNGPrractice1 -->
