<?xml version="1.0" encoding="UTF-8"?>
<!-- Generated by org.testng.reporters.JUnitReportReporter -->
<testsuite hostname="DESKTOP-UFRJGIJ" failures="0" tests="3" name="com.Celestial.Admin.Admintest2" time="0.019" errors="0" timestamp="2022-12-06T13:04:56 IST" skipped="0">
  <testcase classname="com.Celestial.Admin.Admintest2" name="adminTest2" time="0.001"/>
  <system-out>
    <![CDATA[test1]]>
  </system-out>
  <testcase classname="com.Celestial.Admin.Admintest2" name="adminTest" time="0.016"/>
  <system-out>
    <![CDATA[test]]>
  </system-out>
  <testcase classname="com.Celestial.Admin.Admintest2" name="adminTest1" time="0.002"/>
  <system-out>
    <![CDATA[test1]]>
  </system-out>
</testsuite> <!-- com.Celestial.Admin.Admintest2 -->
